<?xml version="1.0" encoding="UTF-8"?>
<testng-results ignored="0" total="1" passed="1" failed="0" skipped="0">
  <reporter-output>
  </reporter-output>
  <suite started-at="2024-06-13T02:45:52 PDT" name="Default suite" finished-at="2024-06-13T02:45:55 PDT" duration-ms="2193">
    <groups>
    </groups>
    <test started-at="2024-06-13T02:45:52 PDT" name="Default test" finished-at="2024-06-13T02:45:55 PDT" duration-ms="2193">
      <class name="TestRestAssured.restAssured.Grapgh_QL">
        <test-method signature="testgraphql()[pri:0, instance:TestRestAssured.restAssured.Grapgh_QL@1189dd52]" started-at="2024-06-13T02:45:52 PDT" name="testgraphql" finished-at="2024-06-13T02:45:55 PDT" duration-ms="2166" status="PASS">
          <reporter-output>
          </reporter-output>
        </test-method> <!-- testgraphql -->
      </class> <!-- TestRestAssured.restAssured.Grapgh_QL -->
    </test> <!-- Default test -->
  </suite> <!-- Default suite -->
</testng-results>
